# JRE version: OpenJDK Runtime Environment (11.0.12+7) (build 11.0.12+7-b1504.28-7817840)
# Java VM: OpenJDK 64-Bit Server VM (11.0.12+7-b1504.28-7817840, mixed mode, tiered, compressed oops, g1 gc, windows-amd64)
Heap:
 garbage-first heap   total 700416K, used 219648K [0x0000000080000000, 0x0000000100000000)
  region size 1024K, 6 young (6144K), 6 survivors (6144K)
 Metaspace       used 140916K, capacity 145730K, committed 145996K, reserved 1177600K
  class space    used 16871K, capacity 18617K, committed 18688K, reserved 1048576K
GC Heap History (20 events):
Event: 9642.842 GC heap after
{Heap after GC invocations=246 (full 0):
 garbage-first heap   total 227328K, used 132496K [0x0000000080000000, 0x0000000100000000)
  region size 1024K, 5 young (5120K), 5 survivors (5120K)
 Metaspace       used 138630K, capacity 143324K, committed 143692K, reserved 1175552K
  class space    used 16640K, capacity 18310K, committed 18432K, reserved 1048576K
}
Event: 9644.038 GC heap before
{Heap before GC invocations=247 (full 0):
 garbage-first heap   total 227328K, used 174480K [0x0000000080000000, 0x0000000100000000)
  region size 1024K, 53 young (54272K), 5 survivors (5120K)
 Metaspace       used 139131K, capacity 143813K, committed 143948K, reserved 1175552K
  class space    used 16672K, capacity 18343K, committed 18432K, reserved 1048576K
}
Event: 9644.059 GC heap after
{Heap after GC invocations=248 (full 0):
 garbage-first heap   total 227328K, used 128179K [0x0000000080000000, 0x0000000100000000)
  region size 1024K, 4 young (4096K), 4 survivors (4096K)
 Metaspace       used 139131K, capacity 143813K, committed 143948K, reserved 1175552K
  class space    used 16672K, capacity 18343K, committed 18432K, reserved 1048576K
}
Event: 9644.105 GC heap before
{Heap before GC invocations=248 (full 0):
 garbage-first heap   total 227328K, used 135347K [0x0000000080000000, 0x0000000100000000)
  region size 1024K, 11 young (11264K), 4 survivors (4096K)
 Metaspace       used 139133K, capacity 143813K, committed 143948K, reserved 1175552K
  class space    used 16672K, capacity 18343K, committed 18432K, reserved 1048576K
}
Event: 9644.126 GC heap after
{Heap after GC invocations=249 (full 0):
 garbage-first heap   total 227328K, used 108192K [0x0000000080000000, 0x0000000100000000)
  region size 1024K, 2 young (2048K), 2 survivors (2048K)
 Metaspace       used 139133K, capacity 143813K, committed 143948K, reserved 1175552K
  class space    used 16672K, capacity 18343K, committed 18432K, reserved 1048576K
}
Event: 9644.299 GC heap before
{Heap before GC invocations=249 (full 0):
 garbage-first heap   total 227328K, used 116384K [0x0000000080000000, 0x0000000100000000)
  region size 1024K, 11 young (11264K), 2 survivors (2048K)
 Metaspace       used 139203K, capacity 143825K, committed 143948K, reserved 1175552K
  class space    used 16677K, capacity 18345K, committed 18432K, reserved 1048576K
}
Event: 9644.321 GC heap after
{Heap after GC invocations=250 (full 0):
 garbage-first heap   total 227328K, used 105092K [0x0000000080000000, 0x0000000100000000)
  region size 1024K, 1 young (1024K), 1 survivors (1024K)
 Metaspace       used 139203K, capacity 143825K, committed 143948K, reserved 1175552K
  class space    used 16677K, capacity 18345K, committed 18432K, reserved 1048576K
}
Event: 9645.118 GC heap before
{Heap before GC invocations=250 (full 0):
 garbage-first heap   total 227328K, used 149124K [0x0000000080000000, 0x0000000100000000)
  region size 1024K, 46 young (47104K), 1 survivors (1024K)
 Metaspace       used 140033K, capacity 144764K, committed 145100K, reserved 1175552K
  class space    used 16771K, capacity 18463K, committed 18560K, reserved 1048576K
}
Event: 9645.135 GC heap after
{Heap after GC invocations=251 (full 0):
 garbage-first heap   total 227328K, used 108095K [0x0000000080000000, 0x0000000100000000)
  region size 1024K, 4 young (4096K), 4 survivors (4096K)
 Metaspace       used 140033K, capacity 144764K, committed 145100K, reserved 1175552K
  class space    used 16771K, capacity 18463K, committed 18560K, reserved 1048576K
}
Event: 9646.093 GC heap before
{Heap before GC invocations=252 (full 0):
 garbage-first heap   total 227328K, used 194111K [0x0000000080000000, 0x0000000100000000)
  region size 1024K, 66 young (67584K), 4 survivors (4096K)
 Metaspace       used 140290K, capacity 145052K, committed 145100K, reserved 1175552K
  class space    used 16811K, capacity 18514K, committed 18560K, reserved 1048576K
}
Event: 9646.165 GC heap after
{Heap after GC invocations=253 (full 0):
 garbage-first heap   total 227328K, used 136392K [0x0000000080000000, 0x0000000100000000)
  region size 1024K, 9 young (9216K), 9 survivors (9216K)
 Metaspace       used 140290K, capacity 145052K, committed 145100K, reserved 1175552K
  class space    used 16811K, capacity 18514K, committed 18560K, reserved 1048576K
}
Event: 9646.202 GC heap before
{Heap before GC invocations=253 (full 0):
 garbage-first heap   total 227328K, used 142536K [0x0000000080000000, 0x0000000100000000)
  region size 1024K, 11 young (11264K), 9 survivors (9216K)
 Metaspace       used 140290K, capacity 145052K, committed 145100K, reserved 1175552K
  class space    used 16811K, capacity 18514K, committed 18560K, reserved 1048576K
}
Event: 9646.298 GC heap after
{Heap after GC invocations=254 (full 0):
 garbage-first heap   total 332800K, used 134818K [0x0000000080000000, 0x0000000100000000)
  region size 1024K, 2 young (2048K), 2 survivors (2048K)
 Metaspace       used 140290K, capacity 145052K, committed 145100K, reserved 1175552K
  class space    used 16811K, capacity 18514K, committed 18560K, reserved 1048576K
}
Event: 9646.311 GC heap before
{Heap before GC invocations=254 (full 0):
 garbage-first heap   total 332800K, used 134818K [0x0000000080000000, 0x0000000100000000)
  region size 1024K, 3 young (3072K), 2 survivors (2048K)
 Metaspace       used 140290K, capacity 145052K, committed 145100K, reserved 1175552K
  class space    used 16811K, capacity 18514K, committed 18560K, reserved 1048576K
}
Event: 9646.354 GC heap after
{Heap after GC invocations=255 (full 0):
 garbage-first heap   total 332800K, used 135188K [0x0000000080000000, 0x0000000100000000)
  region size 1024K, 2 young (2048K), 2 survivors (2048K)
 Metaspace       used 140290K, capacity 145052K, committed 145100K, reserved 1175552K
  class space    used 16811K, capacity 18514K, committed 18560K, reserved 1048576K
}
Event: 9647.035 GC heap before
{Heap before GC invocations=255 (full 0):
 garbage-first heap   total 332800K, used 251924K [0x0000000080000000, 0x0000000100000000)
  region size 1024K, 104 young (106496K), 2 survivors (2048K)
 Metaspace       used 140656K, capacity 145442K, committed 145740K, reserved 1177600K
  class space    used 16844K, capacity 18574K, committed 18688K, reserved 1048576K
}
Event: 9647.119 GC heap after
{Heap after GC invocations=256 (full 0):
 garbage-first heap   total 332800K, used 175561K [0x0000000080000000, 0x0000000100000000)
  region size 1024K, 13 young (13312K), 13 survivors (13312K)
 Metaspace       used 140656K, capacity 145442K, committed 145740K, reserved 1177600K
  class space    used 16844K, capacity 18574K, committed 18688K, reserved 1048576K
}
Event: 9647.766 GC heap before
{Heap before GC invocations=257 (full 0):
 garbage-first heap   total 332800K, used 243145K [0x0000000080000000, 0x0000000100000000)
  region size 1024K, 80 young (81920K), 13 survivors (13312K)
 Metaspace       used 140683K, capacity 145444K, committed 145740K, reserved 1177600K
  class space    used 16844K, capacity 18574K, committed 18688K, reserved 1048576K
}
Event: 9647.865 GC heap after
{Heap after GC invocations=258 (full 0):
 garbage-first heap   total 332800K, used 211338K [0x0000000080000000, 0x0000000100000000)
  region size 1024K, 10 young (10240K), 10 survivors (10240K)
 Metaspace       used 140683K, capacity 145444K, committed 145740K, reserved 1177600K
  class space    used 16844K, capacity 18574K, committed 18688K, reserved 1048576K
}
Event: 9648.187 GC heap before
{Heap before GC invocations=258 (full 0):
 garbage-first heap   total 332800K, used 258442K [0x0000000080000000, 0x0000000100000000)
  region size 1024K, 56 young (57344K), 10 survivors (10240K)
 Metaspace       used 140916K, capacity 145730K, committed 145996K, reserved 1177600K
  class space    used 16871K, capacity 18617K, committed 18688K, reserved 1048576K
}

