# JRE version: OpenJDK Runtime Environment (11.0.12+7) (build 11.0.12+7-b1504.28-7817840)
# Java VM: OpenJDK 64-Bit Server VM (11.0.12+7-b1504.28-7817840, mixed mode, tiered, compressed oops, g1 gc, windows-amd64)
Heap:
 garbage-first heap   total 505856K, used 207360K [0x0000000080000000, 0x0000000100000000)
  region size 1024K, 2 young (2048K), 2 survivors (2048K)
 Metaspace       used 97250K, capacity 99844K, committed 100088K, reserved 1136640K
  class space    used 12798K, capacity 13774K, committed 13900K, reserved 1048576K
GC Heap History (20 events):
Event: 13.021 GC heap after
{Heap after GC invocations=21 (full 0):
 garbage-first heap   total 189440K, used 86991K [0x0000000080000000, 0x0000000100000000)
  region size 1024K, 10 young (10240K), 10 survivors (10240K)
 Metaspace       used 86747K, capacity 89105K, committed 89336K, reserved 1126400K
  class space    used 11381K, capacity 12271K, committed 12364K, reserved 1048576K
}
Event: 13.274 GC heap before
{Heap before GC invocations=21 (full 0):
 garbage-first heap   total 189440K, used 141263K [0x0000000080000000, 0x0000000100000000)
  region size 1024K, 56 young (57344K), 10 survivors (10240K)
 Metaspace       used 90972K, capacity 93444K, committed 93688K, reserved 1130496K
  class space    used 11920K, capacity 12845K, committed 12876K, reserved 1048576K
}
Event: 13.284 GC heap after
{Heap after GC invocations=22 (full 0):
 garbage-first heap   total 189440K, used 101500K [0x0000000080000000, 0x0000000100000000)
  region size 1024K, 10 young (10240K), 10 survivors (10240K)
 Metaspace       used 90972K, capacity 93444K, committed 93688K, reserved 1130496K
  class space    used 11920K, capacity 12845K, committed 12876K, reserved 1048576K
}
Event: 13.625 GC heap before
{Heap before GC invocations=23 (full 0):
 garbage-first heap   total 189440K, used 169084K [0x0000000080000000, 0x0000000100000000)
  region size 1024K, 54 young (55296K), 10 survivors (10240K)
 Metaspace       used 90930K, capacity 93127K, committed 94072K, reserved 1130496K
  class space    used 11817K, capacity 12628K, committed 13004K, reserved 1048576K
}
Event: 13.692 GC heap after
{Heap after GC invocations=24 (full 0):
 garbage-first heap   total 237568K, used 125294K [0x0000000080000000, 0x0000000100000000)
  region size 1024K, 8 young (8192K), 8 survivors (8192K)
 Metaspace       used 90930K, capacity 93127K, committed 94072K, reserved 1130496K
  class space    used 11817K, capacity 12628K, committed 13004K, reserved 1048576K
}
Event: 14.262 GC heap before
{Heap before GC invocations=25 (full 0):
 garbage-first heap   total 237568K, used 185710K [0x0000000080000000, 0x0000000100000000)
  region size 1024K, 65 young (66560K), 8 survivors (8192K)
 Metaspace       used 93340K, capacity 95588K, committed 96248K, reserved 1132544K
  class space    used 12310K, capacity 13141K, committed 13388K, reserved 1048576K
}
Event: 14.300 GC heap after
{Heap after GC invocations=26 (full 0):
 garbage-first heap   total 237568K, used 149729K [0x0000000080000000, 0x0000000100000000)
  region size 1024K, 9 young (9216K), 9 survivors (9216K)
 Metaspace       used 93340K, capacity 95588K, committed 96248K, reserved 1132544K
  class space    used 12310K, capacity 13141K, committed 13388K, reserved 1048576K
}
Event: 14.418 GC heap before
{Heap before GC invocations=26 (full 0):
 garbage-first heap   total 237568K, used 186593K [0x0000000080000000, 0x0000000100000000)
  region size 1024K, 45 young (46080K), 9 survivors (9216K)
 Metaspace       used 93409K, capacity 95664K, committed 96248K, reserved 1132544K
  class space    used 12310K, capacity 13141K, committed 13388K, reserved 1048576K
}
Event: 14.455 GC heap after
{Heap after GC invocations=27 (full 0):
 garbage-first heap   total 237568K, used 169836K [0x0000000080000000, 0x0000000100000000)
  region size 1024K, 6 young (6144K), 6 survivors (6144K)
 Metaspace       used 93409K, capacity 95664K, committed 96248K, reserved 1132544K
  class space    used 12310K, capacity 13141K, committed 13388K, reserved 1048576K
}
Event: 14.532 GC heap before
{Heap before GC invocations=27 (full 0):
 garbage-first heap   total 237568K, used 190316K [0x0000000080000000, 0x0000000100000000)
  region size 1024K, 27 young (27648K), 6 survivors (6144K)
 Metaspace       used 93417K, capacity 95664K, committed 96248K, reserved 1132544K
  class space    used 12310K, capacity 13141K, committed 13388K, reserved 1048576K
}
Event: 14.550 GC heap after
{Heap after GC invocations=28 (full 0):
 garbage-first heap   total 237568K, used 182784K [0x0000000080000000, 0x0000000100000000)
  region size 1024K, 4 young (4096K), 4 survivors (4096K)
 Metaspace       used 93417K, capacity 95664K, committed 96248K, reserved 1132544K
  class space    used 12310K, capacity 13141K, committed 13388K, reserved 1048576K
}
Event: 14.655 GC heap before
{Heap before GC invocations=28 (full 0):
 garbage-first heap   total 237568K, used 197120K [0x0000000080000000, 0x0000000100000000)
  region size 1024K, 18 young (18432K), 4 survivors (4096K)
 Metaspace       used 93642K, capacity 95894K, committed 96504K, reserved 1132544K
  class space    used 12334K, capacity 13174K, committed 13388K, reserved 1048576K
}
Event: 14.677 GC heap after
{Heap after GC invocations=29 (full 0):
 garbage-first heap   total 391168K, used 190464K [0x0000000080000000, 0x0000000100000000)
  region size 1024K, 3 young (3072K), 3 survivors (3072K)
 Metaspace       used 93642K, capacity 95894K, committed 96504K, reserved 1132544K
  class space    used 12334K, capacity 13174K, committed 13388K, reserved 1048576K
}
Event: 15.560 GC heap before
{Heap before GC invocations=30 (full 0):
 garbage-first heap   total 391168K, used 262144K [0x0000000080000000, 0x0000000100000000)
  region size 1024K, 74 young (75776K), 3 survivors (3072K)
 Metaspace       used 96657K, capacity 99268K, committed 99576K, reserved 1134592K
  class space    used 12772K, capacity 13777K, committed 13900K, reserved 1048576K
}
Event: 15.592 GC heap after
{Heap after GC invocations=31 (full 0):
 garbage-first heap   total 391168K, used 198894K [0x0000000080000000, 0x0000000100000000)
  region size 1024K, 10 young (10240K), 10 survivors (10240K)
 Metaspace       used 96657K, capacity 99268K, committed 99576K, reserved 1134592K
  class space    used 12772K, capacity 13777K, committed 13900K, reserved 1048576K
}
Event: 15.768 GC heap before
{Heap before GC invocations=31 (full 0):
 garbage-first heap   total 391168K, used 218350K [0x0000000080000000, 0x0000000100000000)
  region size 1024K, 30 young (30720K), 10 survivors (10240K)
 Metaspace       used 96938K, capacity 99505K, committed 99832K, reserved 1134592K
  class space    used 12794K, capacity 13785K, committed 13900K, reserved 1048576K
}
Event: 15.790 GC heap after
{Heap after GC invocations=32 (full 0):
 garbage-first heap   total 391168K, used 201749K [0x0000000080000000, 0x0000000100000000)
  region size 1024K, 3 young (3072K), 3 survivors (3072K)
 Metaspace       used 96938K, capacity 99505K, committed 99832K, reserved 1134592K
  class space    used 12794K, capacity 13785K, committed 13900K, reserved 1048576K
}
Event: 17.130 GC heap before
{Heap before GC invocations=33 (full 0):
 garbage-first heap   total 391168K, used 265237K [0x0000000080000000, 0x0000000100000000)
  region size 1024K, 66 young (67584K), 3 survivors (3072K)
 Metaspace       used 97078K, capacity 99620K, committed 99832K, reserved 1134592K
  class space    used 12781K, capacity 13765K, committed 13900K, reserved 1048576K
}
Event: 17.153 GC heap after
{Heap after GC invocations=34 (full 0):
 garbage-first heap   total 391168K, used 203175K [0x0000000080000000, 0x0000000100000000)
  region size 1024K, 5 young (5120K), 5 survivors (5120K)
 Metaspace       used 97078K, capacity 99620K, committed 99832K, reserved 1134592K
  class space    used 12781K, capacity 13765K, committed 13900K, reserved 1048576K
}
Event: 17.449 GC heap before
{Heap before GC invocations=34 (full 0):
 garbage-first heap   total 391168K, used 221607K [0x0000000080000000, 0x0000000100000000)
  region size 1024K, 19 young (19456K), 5 survivors (5120K)
 Metaspace       used 97250K, capacity 99844K, committed 100088K, reserved 1136640K
  class space    used 12798K, capacity 13774K, committed 13900K, reserved 1048576K
}

