# JRE version: OpenJDK Runtime Environment (11.0.12+7) (build 11.0.12+7-b1504.28-7817840)
# Java VM: OpenJDK 64-Bit Server VM (11.0.12+7-b1504.28-7817840, mixed mode, tiered, compressed oops, g1 gc, windows-amd64)
Heap:
 garbage-first heap   total 555008K, used 198029K [0x0000000080000000, 0x0000000100000000)
  region size 1024K, 5 young (5120K), 5 survivors (5120K)
 Metaspace       used 97505K, capacity 99934K, committed 100268K, reserved 1136640K
  class space    used 12822K, capacity 13769K, committed 13824K, reserved 1048576K
GC Heap History (20 events):
Event: 14.698 GC heap after
{Heap after GC invocations=20 (full 0):
 garbage-first heap   total 227328K, used 81709K [0x0000000080000000, 0x0000000100000000)
  region size 1024K, 8 young (8192K), 8 survivors (8192K)
 Metaspace       used 88357K, capacity 90764K, committed 91052K, reserved 1128448K
  class space    used 11539K, capacity 12440K, committed 12544K, reserved 1048576K
}
Event: 15.064 GC heap before
{Heap before GC invocations=20 (full 0):
 garbage-first heap   total 227328K, used 139053K [0x0000000080000000, 0x0000000100000000)
  region size 1024K, 39 young (39936K), 8 survivors (8192K)
 Metaspace       used 91243K, capacity 93663K, committed 93996K, reserved 1130496K
  class space    used 11939K, capacity 12837K, committed 12928K, reserved 1048576K
}
Event: 15.079 GC heap after
{Heap after GC invocations=21 (full 0):
 garbage-first heap   total 227328K, used 111071K [0x0000000080000000, 0x0000000100000000)
  region size 1024K, 12 young (12288K), 12 survivors (12288K)
 Metaspace       used 91243K, capacity 93663K, committed 93996K, reserved 1130496K
  class space    used 11939K, capacity 12837K, committed 12928K, reserved 1048576K
}
Event: 15.430 GC heap before
{Heap before GC invocations=22 (full 0):
 garbage-first heap   total 227328K, used 153055K [0x0000000080000000, 0x0000000100000000)
  region size 1024K, 44 young (45056K), 12 survivors (12288K)
 Metaspace       used 91044K, capacity 93200K, committed 93996K, reserved 1130496K
  class space    used 11828K, capacity 12633K, committed 12928K, reserved 1048576K
}
Event: 15.486 GC heap after
{Heap after GC invocations=23 (full 0):
 garbage-first heap   total 227328K, used 124307K [0x0000000080000000, 0x0000000100000000)
  region size 1024K, 9 young (9216K), 9 survivors (9216K)
 Metaspace       used 91044K, capacity 93200K, committed 93996K, reserved 1130496K
  class space    used 11828K, capacity 12633K, committed 12928K, reserved 1048576K
}
Event: 15.900 GC heap before
{Heap before GC invocations=24 (full 0):
 garbage-first heap   total 227328K, used 169363K [0x0000000080000000, 0x0000000100000000)
  region size 1024K, 52 young (53248K), 9 survivors (9216K)
 Metaspace       used 93275K, capacity 95503K, committed 96172K, reserved 1132544K
  class space    used 12294K, capacity 13109K, committed 13312K, reserved 1048576K
}
Event: 15.938 GC heap after
{Heap after GC invocations=25 (full 0):
 garbage-first heap   total 227328K, used 143097K [0x0000000080000000, 0x0000000100000000)
  region size 1024K, 7 young (7168K), 7 survivors (7168K)
 Metaspace       used 93275K, capacity 95503K, committed 96172K, reserved 1132544K
  class space    used 12294K, capacity 13109K, committed 13312K, reserved 1048576K
}
Event: 16.068 GC heap before
{Heap before GC invocations=25 (full 0):
 garbage-first heap   total 227328K, used 176889K [0x0000000080000000, 0x0000000100000000)
  region size 1024K, 40 young (40960K), 7 survivors (7168K)
 Metaspace       used 93378K, capacity 95580K, committed 96172K, reserved 1132544K
  class space    used 12294K, capacity 13109K, committed 13312K, reserved 1048576K
}
Event: 16.189 GC heap after
{Heap after GC invocations=26 (full 0):
 garbage-first heap   total 227328K, used 161518K [0x0000000080000000, 0x0000000100000000)
  region size 1024K, 5 young (5120K), 5 survivors (5120K)
 Metaspace       used 93378K, capacity 95580K, committed 96172K, reserved 1132544K
  class space    used 12294K, capacity 13109K, committed 13312K, reserved 1048576K
}
Event: 16.276 GC heap before
{Heap before GC invocations=26 (full 0):
 garbage-first heap   total 227328K, used 181998K [0x0000000080000000, 0x0000000100000000)
  region size 1024K, 26 young (26624K), 5 survivors (5120K)
 Metaspace       used 93385K, capacity 95580K, committed 96172K, reserved 1132544K
  class space    used 12294K, capacity 13109K, committed 13312K, reserved 1048576K
}
Event: 16.300 GC heap after
{Heap after GC invocations=27 (full 0):
 garbage-first heap   total 227328K, used 173954K [0x0000000080000000, 0x0000000100000000)
  region size 1024K, 4 young (4096K), 4 survivors (4096K)
 Metaspace       used 93385K, capacity 95580K, committed 96172K, reserved 1132544K
  class space    used 12294K, capacity 13109K, committed 13312K, reserved 1048576K
}
Event: 16.346 GC heap before
{Heap before GC invocations=27 (full 0):
 garbage-first heap   total 227328K, used 187266K [0x0000000080000000, 0x0000000100000000)
  region size 1024K, 18 young (18432K), 4 survivors (4096K)
 Metaspace       used 93386K, capacity 95580K, committed 96172K, reserved 1132544K
  class space    used 12294K, capacity 13109K, committed 13312K, reserved 1048576K
}
Event: 16.376 GC heap after
{Heap after GC invocations=28 (full 0):
 garbage-first heap   total 405504K, used 182603K [0x0000000080000000, 0x0000000100000000)
  region size 1024K, 3 young (3072K), 3 survivors (3072K)
 Metaspace       used 93386K, capacity 95580K, committed 96172K, reserved 1132544K
  class space    used 12294K, capacity 13109K, committed 13312K, reserved 1048576K
}
Event: 17.401 GC heap before
{Heap before GC invocations=29 (full 0):
 garbage-first heap   total 405504K, used 253259K [0x0000000080000000, 0x0000000100000000)
  region size 1024K, 73 young (74752K), 3 survivors (3072K)
 Metaspace       used 96498K, capacity 99069K, committed 99244K, reserved 1134592K
  class space    used 12743K, capacity 13729K, committed 13824K, reserved 1048576K
}
Event: 17.442 GC heap after
{Heap after GC invocations=30 (full 0):
 garbage-first heap   total 405504K, used 196846K [0x0000000080000000, 0x0000000100000000)
  region size 1024K, 10 young (10240K), 10 survivors (10240K)
 Metaspace       used 96498K, capacity 99069K, committed 99244K, reserved 1134592K
  class space    used 12743K, capacity 13729K, committed 13824K, reserved 1048576K
}
Event: 17.731 GC heap before
{Heap before GC invocations=30 (full 0):
 garbage-first heap   total 405504K, used 231662K [0x0000000080000000, 0x0000000100000000)
  region size 1024K, 46 young (47104K), 10 survivors (10240K)
 Metaspace       used 96890K, capacity 99427K, committed 99500K, reserved 1134592K
  class space    used 12780K, capacity 13756K, committed 13824K, reserved 1048576K
}
Event: 17.769 GC heap after
{Heap after GC invocations=31 (full 0):
 garbage-first heap   total 405504K, used 200782K [0x0000000080000000, 0x0000000100000000)
  region size 1024K, 4 young (4096K), 4 survivors (4096K)
 Metaspace       used 96890K, capacity 99427K, committed 99500K, reserved 1134592K
  class space    used 12780K, capacity 13756K, committed 13824K, reserved 1048576K
}
Event: 19.013 GC heap before
{Heap before GC invocations=32 (full 0):
 garbage-first heap   total 405504K, used 215118K [0x0000000080000000, 0x0000000100000000)
  region size 1024K, 26 young (26624K), 4 survivors (4096K)
 Metaspace       used 96836K, capacity 99392K, committed 99756K, reserved 1134592K
  class space    used 12759K, capacity 13717K, committed 13824K, reserved 1048576K
}
Event: 19.039 GC heap after
{Heap after GC invocations=33 (full 0):
 garbage-first heap   total 405504K, used 194405K [0x0000000080000000, 0x0000000100000000)
  region size 1024K, 5 young (5120K), 5 survivors (5120K)
 Metaspace       used 96836K, capacity 99392K, committed 99756K, reserved 1134592K
  class space    used 12759K, capacity 13717K, committed 13824K, reserved 1048576K
}
Event: 19.834 GC heap before
{Heap before GC invocations=34 (full 0):
 garbage-first heap   total 405504K, used 235365K [0x0000000080000000, 0x0000000100000000)
  region size 1024K, 44 young (45056K), 5 survivors (5120K)
 Metaspace       used 97505K, capacity 99934K, committed 100268K, reserved 1136640K
  class space    used 12822K, capacity 13769K, committed 13824K, reserved 1048576K
}

